<?xml version="1.0" encoding="UTF-8"?>
<!-- Generated by org.testng.reporters.JUnitXMLReporter -->
<testsuite hostname="MacBook-Pro.ciudadempresaria.com.ar" ignored="0" name="Tests1" tests="4" failures="1" timestamp="13 Jun 2019 13:32:15 GMT" time="55.057" errors="0">
  <testcase name="test1" time="3.884" classname="com.credify.project.tests.ApiTests"/>
  <testcase name="test2" time="1.571" classname="com.credify.project.tests.ApiTests"/>
  <testcase name="test3" time="1.134" classname="com.credify.project.tests.ApiTests"/>
  <testcase name="verifyLoanProcess" time="45.027" classname="com.credify.project.tests.Tests">
    <failure type="org.openqa.selenium.ElementClickInterceptedException" message="Element &amp;lt;label class=&amp;quot;header-nav__toggle&amp;quot;&amp;gt; is not clickable at point (1834,52) because another element &amp;lt;div class=&amp;quot;sc-EHOje gxmzFC&amp;quot;&amp;gt; obscures it
Build info: version: &amp;apos;3.141.5&amp;apos;, revision: &amp;apos;d54ebd709a&amp;apos;, time: &amp;apos;2018-11-06T11:42:16&amp;apos;
System info: host: &amp;apos;MacBook-Pro.ciudadempresaria.com.ar&amp;apos;, ip: &amp;apos;fe80:0:0:0:1093:ee78:c21e:afb2%en0&amp;apos;, os.name: &amp;apos;Mac OS X&amp;apos;, os.arch: &amp;apos;x86_64&amp;apos;, os.version: &amp;apos;10.14.5&amp;apos;, java.version: &amp;apos;1.8.0_181&amp;apos;
Driver info: org.openqa.selenium.firefox.FirefoxDriver
Capabilities {acceptInsecureCerts: true, browserName: firefox, browserVersion: 67.0, capabilities: {desiredCapabilities: {acceptInsecureCerts: true, browserName: firefox}}, javascriptEnabled: true, moz:accessibilityChecks: false, moz:buildID: 20190516215225, moz:headless: false, moz:processID: 991, moz:profile: /var/folders/1g/btn45ykx6vl..., moz:shutdownTimeout: 60000, moz:useNonSpecCompliantPointerOrigin: false, moz:webdriverClick: true, pageLoadStrategy: normal, platform: MAC, platformName: MAC, platformVersion: 18.6.0, rotatable: false, setWindowRect: true, strictFileInteractability: false, timeouts: {implicit: 0, pageLoad: 300000, script: 30000}, unhandledPromptBehavior: dismiss and notify}
Session ID: 6790f9f1-1628-0c4f-8262-cfdebda33bb6">
      <![CDATA[org.openqa.selenium.ElementClickInterceptedException: Element <label class="header-nav__toggle"> is not clickable at point (1834,52) because another element <div class="sc-EHOje gxmzFC"> obscures it
Build info: version: '3.141.5', revision: 'd54ebd709a', time: '2018-11-06T11:42:16'
System info: host: 'MacBook-Pro.ciudadempresaria.com.ar', ip: 'fe80:0:0:0:1093:ee78:c21e:afb2%en0', os.name: 'Mac OS X', os.arch: 'x86_64', os.version: '10.14.5', java.version: '1.8.0_181'
Driver info: org.openqa.selenium.firefox.FirefoxDriver
Capabilities {acceptInsecureCerts: true, browserName: firefox, browserVersion: 67.0, capabilities: {desiredCapabilities: {acceptInsecureCerts: true, browserName: firefox}}, javascriptEnabled: true, moz:accessibilityChecks: false, moz:buildID: 20190516215225, moz:headless: false, moz:processID: 991, moz:profile: /var/folders/1g/btn45ykx6vl..., moz:shutdownTimeout: 60000, moz:useNonSpecCompliantPointerOrigin: false, moz:webdriverClick: true, pageLoadStrategy: normal, platform: MAC, platformName: MAC, platformVersion: 18.6.0, rotatable: false, setWindowRect: true, strictFileInteractability: false, timeouts: {implicit: 0, pageLoad: 300000, script: 30000}, unhandledPromptBehavior: dismiss and notify}
Session ID: 6790f9f1-1628-0c4f-8262-cfdebda33bb6
at org.openqa.selenium.remote.http.W3CHttpResponseCodec.createException(W3CHttpResponseCodec.java:187)
at org.openqa.selenium.remote.http.W3CHttpResponseCodec.decode(W3CHttpResponseCodec.java:122)
at org.openqa.selenium.remote.http.W3CHttpResponseCodec.decode(W3CHttpResponseCodec.java:49)
at org.openqa.selenium.remote.HttpCommandExecutor.execute(HttpCommandExecutor.java:158)
at org.openqa.selenium.remote.service.DriverCommandExecutor.execute(DriverCommandExecutor.java:83)
at org.openqa.selenium.remote.RemoteWebDriver.execute(RemoteWebDriver.java:552)
at org.openqa.selenium.remote.RemoteWebElement.execute(RemoteWebElement.java:285)
at org.openqa.selenium.remote.RemoteWebElement.click(RemoteWebElement.java:84)
at org.openqa.selenium.support.pagefactory.internal.LocatingElementHandler.invoke(LocatingElementHandler.java:51)
at com.sun.proxy.$Proxy15.click(Unknown Source)
at com.credify.project.pages.OfferPage.clickMenuBtn(OfferPage.java:75)
at com.credify.project.tests.Tests.verifyLoanProcess(Tests.java:105)
... Removed 32 stack frames]]>
    </failure>
  </testcase> <!-- verifyLoanProcess -->
</testsuite> <!-- Tests1 -->
